<?xml version="1.0" encoding="utf-8"?>
<coverage line-rate="1" branch-rate="0" complexity="0" branches-covered="0" branches-valid="0" timestamp="1764107457" lines-covered="6" lines-valid="6" version="0">
  <sources>
    <source>D:</source>
  </sources>
  <packages>
    <package name="D:\a\CppStaticLibTemplate\CppStaticLibTemplate\build\test\Debug\CppStaticLibTests.exe" line-rate="1" branch-rate="0" complexity="0">
      <classes>
        <class name="CppStaticLib.cpp" filename="a\CppStaticLibTemplate\CppStaticLibTemplate\src\CppStaticLib.cpp" line-rate="1" branch-rate="0" complexity="0">
          <methods/>
          <lines>
            <line number="7" hits="1"/>
            <line number="9" hits="1"/>
            <line number="10" hits="1"/>
            <line number="11" hits="1"/>
            <line number="14" hits="1"/>
            <line number="15" hits="1"/>
          </lines>
        </class>
      </classes>
    </package>
  </packages>
</coverage>
