<?xml version='1.0' encoding='UTF-8'?>
<!DOCTYPE coverage SYSTEM 'http://cobertura.sourceforge.net/xml/coverage-04.dtd'>
<coverage line-rate="0.8571428571428571" branch-rate="0.6666666666666666" lines-covered="6" lines-valid="7" branches-covered="4" branches-valid="6" complexity="0.0" timestamp="1764544023" version="gcovr 7.0">
  <sources>
    <source>..</source>
  </sources>
  <packages>
    <package name="src" line-rate="0.8571428571428571" branch-rate="0.6666666666666666" complexity="0.0">
      <classes>
        <class name="CppStaticLib_cpp" filename="src/CppStaticLib.cpp" line-rate="0.8571428571428571" branch-rate="0.6666666666666666" complexity="0.0">
          <methods/>
          <lines>
            <line number="9" hits="6" branch="true" condition-coverage="50% (1/2)">
              <conditions>
                <condition number="0" type="jump" coverage="50%"/>
              </conditions>
            </line>
            <line number="11" hits="4" branch="false"/>
            <line number="12" hits="4" branch="true" condition-coverage="50% (1/2)">
              <conditions>
                <condition number="0" type="jump" coverage="50%"/>
              </conditions>
            </line>
            <line number="13" hits="0" branch="false"/>
            <line number="16" hits="4" branch="true" condition-coverage="100% (2/2)">
              <conditions>
                <condition number="0" type="jump" coverage="100%"/>
              </conditions>
            </line>
            <line number="17" hits="3" branch="false"/>
            <line number="20" hits="1" branch="false"/>
          </lines>
        </class>
      </classes>
    </package>
  </packages>
</coverage>
