<?xml version='1.0' encoding='UTF-8'?>
<!DOCTYPE coverage SYSTEM 'http://cobertura.sourceforge.net/xml/coverage-04.dtd'>
<coverage line-rate="1.0" branch-rate="0.8333333333333334" lines-covered="8" lines-valid="8" branches-covered="5" branches-valid="6" complexity="0.0" timestamp="1764713383" version="gcovr 7.0">
  <sources>
    <source>..</source>
  </sources>
  <packages>
    <package name="src" line-rate="1.0" branch-rate="0.8333333333333334" complexity="0.0">
      <classes>
        <class name="CppStaticLib_cpp" filename="src/CppStaticLib.cpp" line-rate="1.0" branch-rate="0.8333333333333334" complexity="0.0">
          <methods/>
          <lines>
            <line number="9" hits="2" branch="true" condition-coverage="50% (1/2)">
              <conditions>
                <condition number="0" type="jump" coverage="50%"/>
              </conditions>
            </line>
            <line number="11" hits="14428176" branch="false"/>
            <line number="12" hits="14428176" branch="true" condition-coverage="100% (2/2)">
              <conditions>
                <condition number="0" type="jump" coverage="100%"/>
              </conditions>
            </line>
            <line number="13" hits="2956834" branch="false"/>
            <line number="16" hits="11471342" branch="true" condition-coverage="100% (2/2)">
              <conditions>
                <condition number="0" type="jump" coverage="100%"/>
              </conditions>
            </line>
            <line number="17" hits="4358349" branch="false"/>
            <line number="20" hits="7112993" branch="false"/>
            <line number="21" hits="14428176" branch="false"/>
          </lines>
        </class>
      </classes>
    </package>
  </packages>
</coverage>
